# JRE version: OpenJDK Runtime Environment (8.0_252-b09) (build 1.8.0_252-b09)
# Java VM: OpenJDK 64-Bit Server VM (25.252-b09 mixed mode windows-amd64 compressed oops)
Heap:
 PSYoungGen      total 90624K, used 22108K [0x00000000e0a00000, 0x00000000e8880000, 0x0000000100000000)
  eden space 75776K, 9% used [0x00000000e0a00000,0x00000000e1119508,0x00000000e5400000)
  from space 14848K, 99% used [0x00000000e7a00000,0x00000000e887de28,0x00000000e8880000)
  to   space 10752K, 0% used [0x00000000e5400000,0x00000000e5400000,0x00000000e5e80000)
 ParOldGen       total 60416K, used 43806K [0x00000000a1e00000, 0x00000000a5900000, 0x00000000e0a00000)
  object space 60416K, 72% used [0x00000000a1e00000,0x00000000a48c79e0,0x00000000a5900000)
 Metaspace       used 26040K, capacity 26726K, committed 27008K, reserved 1073152K
  class space    used 2947K, capacity 3159K, committed 3200K, reserved 1048576K
GC Heap History (10 events):
Event: 11.807 GC heap before
{Heap before GC invocations=9 (full 0):
 PSYoungGen      total 56832K, used 56032K [0x00000000e0a00000, 0x00000000e4c00000, 0x0000000100000000)
  eden space 47616K, 100% used [0x00000000e0a00000,0x00000000e3880000,0x00000000e3880000)
  from space 9216K, 91% used [0x00000000e4200000,0x00000000e4a38000,0x00000000e4b00000)
  to   space 9728K, 0% used [0x00000000e3880000,0x00000000e3880000,0x00000000e4200000)
 ParOldGen       total 65536K, used 13729K [0x00000000a1e00000, 0x00000000a5e00000, 0x00000000e0a00000)
  object space 65536K, 20% used [0x00000000a1e00000,0x00000000a2b68718,0x00000000a5e00000)
 Metaspace       used 17741K, capacity 18204K, committed 18560K, reserved 1064960K
  class space    used 1967K, capacity 2098K, committed 2176K, reserved 1048576K
Event: 11.824 GC heap after
Heap after GC invocations=9 (full 0):
 PSYoungGen      total 57344K, used 9131K [0x00000000e0a00000, 0x00000000e6880000, 0x0000000100000000)
  eden space 47616K, 0% used [0x00000000e0a00000,0x00000000e0a00000,0x00000000e3880000)
  from space 9728K, 93% used [0x00000000e3880000,0x00000000e416ad20,0x00000000e4200000)
  to   space 10240K, 0% used [0x00000000e5e80000,0x00000000e5e80000,0x00000000e6880000)
 ParOldGen       total 65536K, used 16361K [0x00000000a1e00000, 0x00000000a5e00000, 0x00000000e0a00000)
  object space 65536K, 24% used [0x00000000a1e00000,0x00000000a2dfa718,0x00000000a5e00000)
 Metaspace       used 17741K, capacity 18204K, committed 18560K, reserved 1064960K
  class space    used 1967K, capacity 2098K, committed 2176K, reserved 1048576K
}
Event: 12.865 GC heap before
{Heap before GC invocations=10 (full 0):
 PSYoungGen      total 57344K, used 23566K [0x00000000e0a00000, 0x00000000e6880000, 0x0000000100000000)
  eden space 47616K, 30% used [0x00000000e0a00000,0x00000000e1818c10,0x00000000e3880000)
  from space 9728K, 93% used [0x00000000e3880000,0x00000000e416ad20,0x00000000e4200000)
  to   space 10240K, 0% used [0x00000000e5e80000,0x00000000e5e80000,0x00000000e6880000)
 ParOldGen       total 65536K, used 16361K [0x00000000a1e00000, 0x00000000a5e00000, 0x00000000e0a00000)
  object space 65536K, 24% used [0x00000000a1e00000,0x00000000a2dfa718,0x00000000a5e00000)
 Metaspace       used 20685K, capacity 21140K, committed 21248K, reserved 1069056K
  class space    used 2369K, capacity 2526K, committed 2560K, reserved 1048576K
Event: 12.878 GC heap after
Heap after GC invocations=10 (full 0):
 PSYoungGen      total 86016K, used 3970K [0x00000000e0a00000, 0x00000000e6980000, 0x0000000100000000)
  eden space 75776K, 0% used [0x00000000e0a00000,0x00000000e0a00000,0x00000000e5400000)
  from space 10240K, 38% used [0x00000000e5e80000,0x00000000e6260b38,0x00000000e6880000)
  to   space 10752K, 0% used [0x00000000e5400000,0x00000000e5400000,0x00000000e5e80000)
 ParOldGen       total 65536K, used 21801K [0x00000000a1e00000, 0x00000000a5e00000, 0x00000000e0a00000)
  object space 65536K, 33% used [0x00000000a1e00000,0x00000000a334a7e0,0x00000000a5e00000)
 Metaspace       used 20685K, capacity 21140K, committed 21248K, reserved 1069056K
  class space    used 2369K, capacity 2526K, committed 2560K, reserved 1048576K
}
Event: 12.878 GC heap before
{Heap before GC invocations=11 (full 1):
 PSYoungGen      total 86016K, used 3970K [0x00000000e0a00000, 0x00000000e6980000, 0x0000000100000000)
  eden space 75776K, 0% used [0x00000000e0a00000,0x00000000e0a00000,0x00000000e5400000)
  from space 10240K, 38% used [0x00000000e5e80000,0x00000000e6260b38,0x00000000e6880000)
  to   space 10752K, 0% used [0x00000000e5400000,0x00000000e5400000,0x00000000e5e80000)
 ParOldGen       total 65536K, used 21801K [0x00000000a1e00000, 0x00000000a5e00000, 0x00000000e0a00000)
  object space 65536K, 33% used [0x00000000a1e00000,0x00000000a334a7e0,0x00000000a5e00000)
 Metaspace       used 20685K, capacity 21140K, committed 21248K, reserved 1069056K
  class space    used 2369K, capacity 2526K, committed 2560K, reserved 1048576K
Event: 13.014 GC heap after
Heap after GC invocations=11 (full 1):
 PSYoungGen      total 86016K, used 0K [0x00000000e0a00000, 0x00000000e6980000, 0x0000000100000000)
  eden space 75776K, 0% used [0x00000000e0a00000,0x00000000e0a00000,0x00000000e5400000)
  from space 10240K, 0% used [0x00000000e5e80000,0x00000000e5e80000,0x00000000e6880000)
  to   space 10752K, 0% used [0x00000000e5400000,0x00000000e5400000,0x00000000e5e80000)
 ParOldGen       total 60416K, used 18665K [0x00000000a1e00000, 0x00000000a5900000, 0x00000000e0a00000)
  object space 60416K, 30% used [0x00000000a1e00000,0x00000000a303a790,0x00000000a5900000)
 Metaspace       used 20685K, capacity 21140K, committed 21248K, reserved 1069056K
  class space    used 2369K, capacity 2526K, committed 2560K, reserved 1048576K
}
Event: 16.359 GC heap before
{Heap before GC invocations=12 (full 1):
 PSYoungGen      total 86016K, used 75776K [0x00000000e0a00000, 0x00000000e6980000, 0x0000000100000000)
  eden space 75776K, 100% used [0x00000000e0a00000,0x00000000e5400000,0x00000000e5400000)
  from space 10240K, 0% used [0x00000000e5e80000,0x00000000e5e80000,0x00000000e6880000)
  to   space 10752K, 0% used [0x00000000e5400000,0x00000000e5400000,0x00000000e5e80000)
 ParOldGen       total 60416K, used 18665K [0x00000000a1e00000, 0x00000000a5900000, 0x00000000e0a00000)
  object space 60416K, 30% used [0x00000000a1e00000,0x00000000a303a790,0x00000000a5900000)
 Metaspace       used 23005K, capacity 23558K, committed 23808K, reserved 1071104K
  class space    used 2579K, capacity 2752K, committed 2816K, reserved 1048576K
Event: 16.393 GC heap after
Heap after GC invocations=12 (full 1):
 PSYoungGen      total 86528K, used 10738K [0x00000000e0a00000, 0x00000000e8880000, 0x0000000100000000)
  eden space 75776K, 0% used [0x00000000e0a00000,0x00000000e0a00000,0x00000000e5400000)
  from space 10752K, 99% used [0x00000000e5400000,0x00000000e5e7c8f8,0x00000000e5e80000)
  to   space 14848K, 0% used [0x00000000e7a00000,0x00000000e7a00000,0x00000000e8880000)
 ParOldGen       total 60416K, used 26712K [0x00000000a1e00000, 0x00000000a5900000, 0x00000000e0a00000)
  object space 60416K, 44% used [0x00000000a1e00000,0x00000000a3816310,0x00000000a5900000)
 Metaspace       used 23005K, capacity 23558K, committed 23808K, reserved 1071104K
  class space    used 2579K, capacity 2752K, committed 2816K, reserved 1048576K
}
Event: 20.405 GC heap before
{Heap before GC invocations=13 (full 1):
 PSYoungGen      total 86528K, used 86514K [0x00000000e0a00000, 0x00000000e8880000, 0x0000000100000000)
  eden space 75776K, 100% used [0x00000000e0a00000,0x00000000e5400000,0x00000000e5400000)
  from space 10752K, 99% used [0x00000000e5400000,0x00000000e5e7c8f8,0x00000000e5e80000)
  to   space 14848K, 0% used [0x00000000e7a00000,0x00000000e7a00000,0x00000000e8880000)
 ParOldGen       total 60416K, used 26712K [0x00000000a1e00000, 0x00000000a5900000, 0x00000000e0a00000)
  object space 60416K, 44% used [0x00000000a1e00000,0x00000000a3816310,0x00000000a5900000)
 Metaspace       used 26026K, capacity 26726K, committed 27008K, reserved 1073152K
  class space    used 2945K, capacity 3159K, committed 3200K, reserved 1048576K
Event: 20.462 GC heap after
Heap after GC invocations=13 (full 1):
 PSYoungGen      total 90624K, used 14839K [0x00000000e0a00000, 0x00000000e8880000, 0x0000000100000000)
  eden space 75776K, 0% used [0x00000000e0a00000,0x00000000e0a00000,0x00000000e5400000)
  from space 14848K, 99% used [0x00000000e7a00000,0x00000000e887de28,0x00000000e8880000)
  to   space 10752K, 0% used [0x00000000e5400000,0x00000000e5400000,0x00000000e5e80000)
 ParOldGen       total 60416K, used 43806K [0x00000000a1e00000, 0x00000000a5900000, 0x00000000e0a00000)
  object space 60416K, 72% used [0x00000000a1e00000,0x00000000a48c79e0,0x00000000a5900000)
 Metaspace       used 26026K, capacity 26726K, committed 27008K, reserved 1073152K
  class space    used 2945K, capacity 3159K, committed 3200K, reserved 1048576K
}

